2019-08-18 12:00:41,912 - INFO - Setup of experiment b_experiment_high_reward...
2019-08-18 12:00:41,913 - INFO - Environment setup...
2019-08-18 12:00:41,913 - INFO - Environment setup is successful!
2019-08-18 12:00:41,913 - INFO - Agent setup...
2019-08-18 12:00:41,913 - INFO - Setup of agent dddqn_boltzmann_agent with scope b_experiment_high_reward...
2019-08-18 12:00:41,914 - INFO - A Tensorboard summary for the agent will be updated during training of its internal model
2019-08-18 12:00:41,914 - INFO - Tensorboard summary path: ./experiments/tictactoe_dddql_vs_fixed_2019-08-18/b_experiment_high_reward/summary
2019-08-18 12:00:41,914 - INFO - Generating exploration policy...
2019-08-18 12:00:41,915 - INFO - Generating model model with scope b_experiment_high_reward/dddqn_boltzmann_agent...
2019-08-18 12:00:41,915 - INFO - Model generation successful
2019-08-18 12:00:42,298 - INFO - Agent setup is successful!
2019-08-18 12:00:42,312 - INFO - Agent internal model will be saved after each train volley
2019-08-18 12:00:42,313 - INFO - Agent internal model metagraph save path: ./experiments/tictactoe_dddql_vs_fixed_2019-08-18/b_experiment_high_reward/metagraph
2019-08-18 12:00:42,313 - INFO - Tensorflow configuration is successful!
2019-08-18 12:00:42,313 - INFO - Experiment setup is successful. Now can conduct the experiment
2019-08-18 12:00:42,313 - INFO - Conducting experiment b_experiment_high_reward...
2019-08-18 12:00:42,470 - INFO - Model initialized to default state
2019-08-18 12:00:42,488 - INFO - Warming-up for 100000 episodes...
2019-08-18 12:01:16,500 - INFO - Training for 1000 episodes...
2019-08-18 12:02:25,299 - INFO - Training of 1000 finished with following result:
2019-08-18 12:02:25,299 - INFO - Average total reward over 1000 training episodes after 1000 total training episodes: -3.58
2019-08-18 12:02:25,299 - INFO - Average scaled reward over 1000 training episodes after 1000 total training episodes: -1.8375
2019-08-18 12:02:25,299 - INFO - Total training steps up to now: 3322
2019-08-18 12:02:25,299 - INFO - Saving the agent...
2019-08-18 12:02:25,430 - INFO - Validating for 100 episodes...
2019-08-18 12:02:26,003 - INFO - Training of 100 finished with following result:
2019-08-18 12:02:26,003 - INFO - Average total reward over 100 validation episodes after 1000 total training episodes: -5.1
2019-08-18 12:02:26,003 - INFO - Average scaled reward over 100 validation episodes after 1000 total training episodes: -1.8666666666666665
2019-08-18 12:02:26,003 - INFO - Training for 1000 episodes...
2019-08-18 12:03:36,951 - INFO - Training of 1000 finished with following result:
2019-08-18 12:03:36,951 - INFO - Average total reward over 1000 training episodes after 2000 total training episodes: -4.23
2019-08-18 12:03:36,951 - INFO - Average scaled reward over 1000 training episodes after 2000 total training episodes: -1.9583333333333335
2019-08-18 12:03:36,952 - INFO - Total training steps up to now: 6701
2019-08-18 12:03:36,952 - INFO - Saving the agent...
2019-08-18 12:03:37,258 - INFO - Validating for 100 episodes...
2019-08-18 12:03:37,938 - INFO - Training of 100 finished with following result:
2019-08-18 12:03:37,938 - INFO - Average total reward over 100 validation episodes after 2000 total training episodes: -1.3
2019-08-18 12:03:37,938 - INFO - Average scaled reward over 100 validation episodes after 2000 total training episodes: -0.5
2019-08-18 12:03:37,939 - INFO - Training for 1000 episodes...
2019-08-18 12:04:52,016 - INFO - Training of 1000 finished with following result:
2019-08-18 12:04:52,017 - INFO - Average total reward over 1000 training episodes after 3000 total training episodes: -2.49
2019-08-18 12:04:52,017 - INFO - Average scaled reward over 1000 training episodes after 3000 total training episodes: -1.476666666666667
2019-08-18 12:04:52,017 - INFO - Total training steps up to now: 10227
2019-08-18 12:04:52,017 - INFO - Saving the agent...
2019-08-18 12:04:52,110 - INFO - Validating for 100 episodes...
2019-08-18 12:04:52,747 - INFO - Training of 100 finished with following result:
2019-08-18 12:04:52,747 - INFO - Average total reward over 100 validation episodes after 3000 total training episodes: -2.1
2019-08-18 12:04:52,747 - INFO - Average scaled reward over 100 validation episodes after 3000 total training episodes: -0.8
2019-08-18 12:04:52,748 - INFO - Training for 1000 episodes...
2019-08-18 12:06:09,609 - INFO - Training of 1000 finished with following result:
2019-08-18 12:06:09,609 - INFO - Average total reward over 1000 training episodes after 4000 total training episodes: -1.57
2019-08-18 12:06:09,609 - INFO - Average scaled reward over 1000 training episodes after 4000 total training episodes: -1.1108333333333336
2019-08-18 12:06:09,610 - INFO - Total training steps up to now: 13911
2019-08-18 12:06:09,610 - INFO - Saving the agent...
2019-08-18 12:06:09,699 - INFO - Validating for 100 episodes...
2019-08-18 12:06:10,306 - INFO - Training of 100 finished with following result:
2019-08-18 12:06:10,307 - INFO - Average total reward over 100 validation episodes after 4000 total training episodes: -3.0
2019-08-18 12:06:10,307 - INFO - Average scaled reward over 100 validation episodes after 4000 total training episodes: -1.275
2019-08-18 12:06:10,307 - INFO - Training for 1000 episodes...
2019-08-18 12:07:24,666 - INFO - Training of 1000 finished with following result:
2019-08-18 12:07:24,666 - INFO - Average total reward over 1000 training episodes after 5000 total training episodes: 0.12
2019-08-18 12:07:24,666 - INFO - Average scaled reward over 1000 training episodes after 5000 total training episodes: -0.6475000000000001
2019-08-18 12:07:24,666 - INFO - Total training steps up to now: 17465
2019-08-18 12:07:24,666 - INFO - Saving the agent...
2019-08-18 12:07:24,761 - INFO - Validating for 100 episodes...
2019-08-18 12:07:25,329 - INFO - Training of 100 finished with following result:
2019-08-18 12:07:25,329 - INFO - Average total reward over 100 validation episodes after 5000 total training episodes: -2.2
2019-08-18 12:07:25,329 - INFO - Average scaled reward over 100 validation episodes after 5000 total training episodes: -1.2666666666666666
2019-08-18 12:07:25,329 - INFO - Training for 1000 episodes...
2019-08-18 12:08:36,849 - INFO - Training of 1000 finished with following result:
2019-08-18 12:08:36,849 - INFO - Average total reward over 1000 training episodes after 6000 total training episodes: 1.86
2019-08-18 12:08:36,849 - INFO - Average scaled reward over 1000 training episodes after 6000 total training episodes: -0.28166666666666673
2019-08-18 12:08:36,850 - INFO - Total training steps up to now: 20871
2019-08-18 12:08:36,850 - INFO - Saving the agent...
2019-08-18 12:08:36,941 - INFO - Validating for 100 episodes...
2019-08-18 12:08:37,483 - INFO - Training of 100 finished with following result:
2019-08-18 12:08:37,483 - INFO - Average total reward over 100 validation episodes after 6000 total training episodes: 10.0
2019-08-18 12:08:37,483 - INFO - Average scaled reward over 100 validation episodes after 6000 total training episodes: 1.725
2019-08-18 12:08:37,483 - INFO - Training for 1000 episodes...
2019-08-18 12:09:43,660 - INFO - Training of 1000 finished with following result:
2019-08-18 12:09:43,660 - INFO - Average total reward over 1000 training episodes after 7000 total training episodes: 7.93
2019-08-18 12:09:43,661 - INFO - Average scaled reward over 1000 training episodes after 7000 total training episodes: 1.065833333333333
2019-08-18 12:09:43,661 - INFO - Total training steps up to now: 24024
2019-08-18 12:09:43,661 - INFO - Saving the agent...
2019-08-18 12:09:43,759 - INFO - Validating for 100 episodes...
2019-08-18 12:09:44,264 - INFO - Training of 100 finished with following result:
2019-08-18 12:09:44,264 - INFO - Average total reward over 100 validation episodes after 7000 total training episodes: 3.3
2019-08-18 12:09:44,264 - INFO - Average scaled reward over 100 validation episodes after 7000 total training episodes: -0.15833333333333344
2019-08-18 12:09:44,264 - INFO - Training for 1000 episodes...
2019-08-18 12:10:49,517 - INFO - Training of 1000 finished with following result:
2019-08-18 12:10:49,517 - INFO - Average total reward over 1000 training episodes after 8000 total training episodes: 6.95
2019-08-18 12:10:49,517 - INFO - Average scaled reward over 1000 training episodes after 8000 total training episodes: 0.8541666666666666
2019-08-18 12:10:49,518 - INFO - Total training steps up to now: 27139
2019-08-18 12:10:49,518 - INFO - Saving the agent...
2019-08-18 12:10:49,608 - INFO - Validating for 100 episodes...
2019-08-18 12:10:50,045 - INFO - Training of 100 finished with following result:
2019-08-18 12:10:50,045 - INFO - Average total reward over 100 validation episodes after 8000 total training episodes: 7.8
2019-08-18 12:10:50,045 - INFO - Average scaled reward over 100 validation episodes after 8000 total training episodes: 0.8916666666666666
2019-08-18 12:10:50,046 - INFO - Training for 1000 episodes...
2019-08-18 12:11:55,301 - INFO - Training of 1000 finished with following result:
2019-08-18 12:11:55,302 - INFO - Average total reward over 1000 training episodes after 9000 total training episodes: 8.0
2019-08-18 12:11:55,302 - INFO - Average scaled reward over 1000 training episodes after 9000 total training episodes: 1.1408333333333334
2019-08-18 12:11:55,302 - INFO - Total training steps up to now: 30269
2019-08-18 12:11:55,302 - INFO - Saving the agent...
2019-08-18 12:11:55,395 - INFO - Validating for 100 episodes...
2019-08-18 12:11:55,860 - INFO - Training of 100 finished with following result:
2019-08-18 12:11:55,860 - INFO - Average total reward over 100 validation episodes after 9000 total training episodes: 7.8
2019-08-18 12:11:55,861 - INFO - Average scaled reward over 100 validation episodes after 9000 total training episodes: 1.1083333333333334
2019-08-18 12:11:55,861 - INFO - Training for 1000 episodes...
2019-08-18 12:13:00,879 - INFO - Training of 1000 finished with following result:
2019-08-18 12:13:00,879 - INFO - Average total reward over 1000 training episodes after 10000 total training episodes: 9.08
2019-08-18 12:13:00,879 - INFO - Average scaled reward over 1000 training episodes after 10000 total training episodes: 1.3775
2019-08-18 12:13:00,879 - INFO - Total training steps up to now: 33376
2019-08-18 12:13:00,879 - INFO - Saving the agent...
2019-08-18 12:13:00,977 - INFO - Validating for 100 episodes...
2019-08-18 12:13:01,498 - INFO - Training of 100 finished with following result:
2019-08-18 12:13:01,498 - INFO - Average total reward over 100 validation episodes after 10000 total training episodes: 15.5
2019-08-18 12:13:01,498 - INFO - Average scaled reward over 100 validation episodes after 10000 total training episodes: 3.066666666666668
2019-08-18 12:13:01,498 - INFO - Training for 1000 episodes...
2019-08-18 12:14:07,039 - INFO - Training of 1000 finished with following result:
2019-08-18 12:14:07,039 - INFO - Average total reward over 1000 training episodes after 11000 total training episodes: 8.46
2019-08-18 12:14:07,040 - INFO - Average scaled reward over 1000 training episodes after 11000 total training episodes: 1.2191666666666667
2019-08-18 12:14:07,040 - INFO - Total training steps up to now: 36480
2019-08-18 12:14:07,040 - INFO - Saving the agent...
2019-08-18 12:14:07,133 - INFO - Validating for 100 episodes...
2019-08-18 12:14:07,590 - INFO - Training of 100 finished with following result:
2019-08-18 12:14:07,590 - INFO - Average total reward over 100 validation episodes after 11000 total training episodes: 8.8
2019-08-18 12:14:07,590 - INFO - Average scaled reward over 100 validation episodes after 11000 total training episodes: 1.1999999999999997
2019-08-18 12:14:07,590 - INFO - Training for 1000 episodes...
2019-08-18 12:15:11,897 - INFO - Training of 1000 finished with following result:
2019-08-18 12:15:11,898 - INFO - Average total reward over 1000 training episodes after 12000 total training episodes: 10.28
2019-08-18 12:15:11,898 - INFO - Average scaled reward over 1000 training episodes after 12000 total training episodes: 1.6499999999999997
2019-08-18 12:15:11,898 - INFO - Total training steps up to now: 39563
2019-08-18 12:15:11,898 - INFO - Saving the agent...
2019-08-18 12:15:11,997 - INFO - Validating for 100 episodes...
2019-08-18 12:15:12,479 - INFO - Training of 100 finished with following result:
2019-08-18 12:15:12,480 - INFO - Average total reward over 100 validation episodes after 12000 total training episodes: 9.8
2019-08-18 12:15:12,480 - INFO - Average scaled reward over 100 validation episodes after 12000 total training episodes: 1.6083333333333332
2019-08-18 12:15:12,480 - INFO - Training for 1000 episodes...
2019-08-18 12:16:17,346 - INFO - Training of 1000 finished with following result:
2019-08-18 12:16:17,347 - INFO - Average total reward over 1000 training episodes after 13000 total training episodes: 7.72
2019-08-18 12:16:17,347 - INFO - Average scaled reward over 1000 training episodes after 13000 total training episodes: 1.0041666666666667
2019-08-18 12:16:17,347 - INFO - Total training steps up to now: 42653
2019-08-18 12:16:17,347 - INFO - Saving the agent...
2019-08-18 12:16:17,439 - INFO - Validating for 100 episodes...
2019-08-18 12:16:17,985 - INFO - Training of 100 finished with following result:
2019-08-18 12:16:17,985 - INFO - Average total reward over 100 validation episodes after 13000 total training episodes: 9.1
2019-08-18 12:16:17,986 - INFO - Average scaled reward over 100 validation episodes after 13000 total training episodes: 1.3999999999999997
2019-08-18 12:16:17,986 - INFO - Training for 1000 episodes...
2019-08-18 12:17:23,716 - INFO - Training of 1000 finished with following result:
2019-08-18 12:17:23,716 - INFO - Average total reward over 1000 training episodes after 14000 total training episodes: 8.02
2019-08-18 12:17:23,716 - INFO - Average scaled reward over 1000 training episodes after 14000 total training episodes: 1.09
2019-08-18 12:17:23,716 - INFO - Total training steps up to now: 45803
2019-08-18 12:17:23,716 - INFO - Saving the agent...
2019-08-18 12:17:23,815 - INFO - Validating for 100 episodes...
2019-08-18 12:17:24,341 - INFO - Training of 100 finished with following result:
2019-08-18 12:17:24,342 - INFO - Average total reward over 100 validation episodes after 14000 total training episodes: 12.6
2019-08-18 12:17:24,342 - INFO - Average scaled reward over 100 validation episodes after 14000 total training episodes: 2.3666666666666667
2019-08-18 12:17:24,343 - INFO - Training for 1000 episodes...
2019-08-18 12:18:31,409 - INFO - Training of 1000 finished with following result:
2019-08-18 12:18:31,409 - INFO - Average total reward over 1000 training episodes after 15000 total training episodes: 10.58
2019-08-18 12:18:31,409 - INFO - Average scaled reward over 1000 training episodes after 15000 total training episodes: 1.7383333333333333
2019-08-18 12:18:31,409 - INFO - Total training steps up to now: 48980
2019-08-18 12:18:31,409 - INFO - Saving the agent...
2019-08-18 12:18:31,511 - INFO - Validating for 100 episodes...
2019-08-18 12:18:32,047 - INFO - Training of 100 finished with following result:
2019-08-18 12:18:32,047 - INFO - Average total reward over 100 validation episodes after 15000 total training episodes: 11.7
2019-08-18 12:18:32,048 - INFO - Average scaled reward over 100 validation episodes after 15000 total training episodes: 2.1999999999999997
2019-08-18 12:18:32,048 - INFO - Training for 1000 episodes...
2019-08-18 12:19:37,915 - INFO - Training of 1000 finished with following result:
2019-08-18 12:19:37,916 - INFO - Average total reward over 1000 training episodes after 16000 total training episodes: 8.55
2019-08-18 12:19:37,916 - INFO - Average scaled reward over 1000 training episodes after 16000 total training episodes: 1.1983333333333333
2019-08-18 12:19:37,916 - INFO - Total training steps up to now: 52128
2019-08-18 12:19:37,916 - INFO - Saving the agent...
2019-08-18 12:19:38,016 - INFO - Validating for 100 episodes...
2019-08-18 12:19:38,518 - INFO - Training of 100 finished with following result:
2019-08-18 12:19:38,518 - INFO - Average total reward over 100 validation episodes after 16000 total training episodes: 9.7
2019-08-18 12:19:38,518 - INFO - Average scaled reward over 100 validation episodes after 16000 total training episodes: 1.4833333333333334
2019-08-18 12:19:38,518 - INFO - Training for 1000 episodes...
2019-08-18 12:20:44,645 - INFO - Training of 1000 finished with following result:
2019-08-18 12:20:44,645 - INFO - Average total reward over 1000 training episodes after 17000 total training episodes: 9.62
2019-08-18 12:20:44,645 - INFO - Average scaled reward over 1000 training episodes after 17000 total training episodes: 1.4833333333333334
2019-08-18 12:20:44,645 - INFO - Total training steps up to now: 55280
2019-08-18 12:20:44,646 - INFO - Saving the agent...
2019-08-18 12:20:44,721 - INFO - Validating for 100 episodes...
2019-08-18 12:20:45,199 - INFO - Training of 100 finished with following result:
2019-08-18 12:20:45,200 - INFO - Average total reward over 100 validation episodes after 17000 total training episodes: 9.6
2019-08-18 12:20:45,200 - INFO - Average scaled reward over 100 validation episodes after 17000 total training episodes: 1.3999999999999997
2019-08-18 12:20:45,200 - INFO - Training for 1000 episodes...
2019-08-18 12:21:50,300 - INFO - Training of 1000 finished with following result:
2019-08-18 12:21:50,300 - INFO - Average total reward over 1000 training episodes after 18000 total training episodes: 7.64
2019-08-18 12:21:50,301 - INFO - Average scaled reward over 1000 training episodes after 18000 total training episodes: 0.9683333333333333
2019-08-18 12:21:50,301 - INFO - Total training steps up to now: 58420
2019-08-18 12:21:50,301 - INFO - Saving the agent...
2019-08-18 12:21:50,400 - INFO - Validating for 100 episodes...
2019-08-18 12:21:50,921 - INFO - Training of 100 finished with following result:
2019-08-18 12:21:50,921 - INFO - Average total reward over 100 validation episodes after 18000 total training episodes: 6.1
2019-08-18 12:21:50,921 - INFO - Average scaled reward over 100 validation episodes after 18000 total training episodes: 0.6166666666666668
2019-08-18 12:21:50,922 - INFO - Training for 1000 episodes...
2019-08-18 12:22:57,597 - INFO - Training of 1000 finished with following result:
2019-08-18 12:22:57,598 - INFO - Average total reward over 1000 training episodes after 19000 total training episodes: 6.32
2019-08-18 12:22:57,598 - INFO - Average scaled reward over 1000 training episodes after 19000 total training episodes: 0.695
2019-08-18 12:22:57,598 - INFO - Total training steps up to now: 61630
2019-08-18 12:22:57,598 - INFO - Saving the agent...
2019-08-18 12:22:57,694 - INFO - Validating for 100 episodes...
2019-08-18 12:22:58,201 - INFO - Training of 100 finished with following result:
2019-08-18 12:22:58,201 - INFO - Average total reward over 100 validation episodes after 19000 total training episodes: -6.4
2019-08-18 12:22:58,201 - INFO - Average scaled reward over 100 validation episodes after 19000 total training episodes: -2.433333333333333
2019-08-18 12:22:58,201 - INFO - Training for 1000 episodes...
2019-08-18 12:24:07,219 - INFO - Training of 1000 finished with following result:
2019-08-18 12:24:07,220 - INFO - Average total reward over 1000 training episodes after 20000 total training episodes: -7.14
2019-08-18 12:24:07,220 - INFO - Average scaled reward over 1000 training episodes after 20000 total training episodes: -2.695
2019-08-18 12:24:07,220 - INFO - Total training steps up to now: 64949
2019-08-18 12:24:07,220 - INFO - Saving the agent...
2019-08-18 12:24:07,322 - INFO - Validating for 100 episodes...
2019-08-18 12:24:07,820 - INFO - Training of 100 finished with following result:
2019-08-18 12:24:07,820 - INFO - Average total reward over 100 validation episodes after 20000 total training episodes: -7.0
2019-08-18 12:24:07,820 - INFO - Average scaled reward over 100 validation episodes after 20000 total training episodes: -2.716666666666667
2019-08-18 12:24:07,820 - INFO - Training for 1000 episodes...
2019-08-18 12:25:17,793 - INFO - Training of 1000 finished with following result:
2019-08-18 12:25:17,793 - INFO - Average total reward over 1000 training episodes after 21000 total training episodes: -7.11
2019-08-18 12:25:17,794 - INFO - Average scaled reward over 1000 training episodes after 21000 total training episodes: -2.6966666666666668
2019-08-18 12:25:17,794 - INFO - Total training steps up to now: 68270
2019-08-18 12:25:17,794 - INFO - Saving the agent...
2019-08-18 12:25:17,891 - INFO - Validating for 100 episodes...
2019-08-18 12:25:18,411 - INFO - Training of 100 finished with following result:
2019-08-18 12:25:18,411 - INFO - Average total reward over 100 validation episodes after 21000 total training episodes: -6.7
2019-08-18 12:25:18,411 - INFO - Average scaled reward over 100 validation episodes after 21000 total training episodes: -2.6
2019-08-18 12:25:18,411 - INFO - Training for 1000 episodes...
2019-08-18 12:26:27,415 - INFO - Training of 1000 finished with following result:
2019-08-18 12:26:27,415 - INFO - Average total reward over 1000 training episodes after 22000 total training episodes: -7.16
2019-08-18 12:26:27,415 - INFO - Average scaled reward over 1000 training episodes after 22000 total training episodes: -2.714166666666667
2019-08-18 12:26:27,415 - INFO - Total training steps up to now: 71568
2019-08-18 12:26:27,415 - INFO - Saving the agent...
2019-08-18 12:26:27,515 - INFO - Validating for 100 episodes...
2019-08-18 12:26:28,028 - INFO - Training of 100 finished with following result:
2019-08-18 12:26:28,028 - INFO - Average total reward over 100 validation episodes after 22000 total training episodes: -7.2
2019-08-18 12:26:28,028 - INFO - Average scaled reward over 100 validation episodes after 22000 total training episodes: -2.7249999999999996
2019-08-18 12:26:28,028 - INFO - Training for 1000 episodes...
2019-08-18 12:27:37,380 - INFO - Training of 1000 finished with following result:
2019-08-18 12:27:37,380 - INFO - Average total reward over 1000 training episodes after 23000 total training episodes: -7.2
2019-08-18 12:27:37,381 - INFO - Average scaled reward over 1000 training episodes after 23000 total training episodes: -2.705
2019-08-18 12:27:37,381 - INFO - Total training steps up to now: 74888
2019-08-18 12:27:37,381 - INFO - Saving the agent...
2019-08-18 12:27:37,477 - INFO - Validating for 100 episodes...
2019-08-18 12:27:37,929 - INFO - Training of 100 finished with following result:
2019-08-18 12:27:37,929 - INFO - Average total reward over 100 validation episodes after 23000 total training episodes: -8.0
2019-08-18 12:27:37,929 - INFO - Average scaled reward over 100 validation episodes after 23000 total training episodes: -3.0666666666666655
2019-08-18 12:27:37,929 - INFO - Training for 1000 episodes...
2019-08-18 12:28:47,287 - INFO - Training of 1000 finished with following result:
2019-08-18 12:28:47,287 - INFO - Average total reward over 1000 training episodes after 24000 total training episodes: -7.07
2019-08-18 12:28:47,287 - INFO - Average scaled reward over 1000 training episodes after 24000 total training episodes: -2.6766666666666667
2019-08-18 12:28:47,287 - INFO - Total training steps up to now: 78212
2019-08-18 12:28:47,287 - INFO - Saving the agent...
2019-08-18 12:28:47,380 - INFO - Validating for 100 episodes...
2019-08-18 12:28:47,895 - INFO - Training of 100 finished with following result:
2019-08-18 12:28:47,895 - INFO - Average total reward over 100 validation episodes after 24000 total training episodes: -7.5
2019-08-18 12:28:47,895 - INFO - Average scaled reward over 100 validation episodes after 24000 total training episodes: -2.8333333333333326
2019-08-18 12:28:47,895 - INFO - Training for 1000 episodes...
2019-08-18 12:29:58,280 - INFO - Training of 1000 finished with following result:
2019-08-18 12:29:58,280 - INFO - Average total reward over 1000 training episodes after 25000 total training episodes: -7.09
2019-08-18 12:29:58,280 - INFO - Average scaled reward over 1000 training episodes after 25000 total training episodes: -2.6533333333333333
2019-08-18 12:29:58,280 - INFO - Total training steps up to now: 81553
2019-08-18 12:29:58,280 - INFO - Saving the agent...
2019-08-18 12:29:58,384 - INFO - Validating for 100 episodes...
2019-08-18 12:29:58,923 - INFO - Training of 100 finished with following result:
2019-08-18 12:29:58,923 - INFO - Average total reward over 100 validation episodes after 25000 total training episodes: -6.9
2019-08-18 12:29:58,924 - INFO - Average scaled reward over 100 validation episodes after 25000 total training episodes: -2.583333333333333
2019-08-18 12:29:58,924 - INFO - Training for 1000 episodes...
2019-08-18 12:31:09,096 - INFO - Training of 1000 finished with following result:
2019-08-18 12:31:09,096 - INFO - Average total reward over 1000 training episodes after 26000 total training episodes: -7.27
2019-08-18 12:31:09,096 - INFO - Average scaled reward over 1000 training episodes after 26000 total training episodes: -2.71
2019-08-18 12:31:09,096 - INFO - Total training steps up to now: 84862
2019-08-18 12:31:09,096 - INFO - Saving the agent...
2019-08-18 12:31:09,261 - INFO - Validating for 100 episodes...
2019-08-18 12:31:09,768 - INFO - Training of 100 finished with following result:
2019-08-18 12:31:09,768 - INFO - Average total reward over 100 validation episodes after 26000 total training episodes: -7.5
2019-08-18 12:31:09,768 - INFO - Average scaled reward over 100 validation episodes after 26000 total training episodes: -2.708333333333333
2019-08-18 12:31:09,768 - INFO - Training for 1000 episodes...
2019-08-18 12:32:16,287 - INFO - Training of 1000 finished with following result:
2019-08-18 12:32:16,287 - INFO - Average total reward over 1000 training episodes after 27000 total training episodes: -7.4
2019-08-18 12:32:16,287 - INFO - Average scaled reward over 1000 training episodes after 27000 total training episodes: -2.7850000000000006
2019-08-18 12:32:16,288 - INFO - Total training steps up to now: 88123
2019-08-18 12:32:16,288 - INFO - Saving the agent...
2019-08-18 12:32:16,388 - INFO - Validating for 100 episodes...
2019-08-18 12:32:16,797 - INFO - Training of 100 finished with following result:
2019-08-18 12:32:16,797 - INFO - Average total reward over 100 validation episodes after 27000 total training episodes: -7.2
2019-08-18 12:32:16,798 - INFO - Average scaled reward over 100 validation episodes after 27000 total training episodes: -2.6833333333333327
2019-08-18 12:32:16,798 - INFO - Training for 1000 episodes...
2019-08-18 12:33:37,497 - INFO - Training of 1000 finished with following result:
2019-08-18 12:33:37,498 - INFO - Average total reward over 1000 training episodes after 28000 total training episodes: -7.1
2019-08-18 12:33:37,498 - INFO - Average scaled reward over 1000 training episodes after 28000 total training episodes: -2.656666666666667
2019-08-18 12:33:37,498 - INFO - Total training steps up to now: 91457
2019-08-18 12:33:37,498 - INFO - Saving the agent...
2019-08-18 12:33:37,599 - INFO - Validating for 100 episodes...
2019-08-18 12:33:38,172 - INFO - Training of 100 finished with following result:
2019-08-18 12:33:38,173 - INFO - Average total reward over 100 validation episodes after 28000 total training episodes: -7.1
2019-08-18 12:33:38,173 - INFO - Average scaled reward over 100 validation episodes after 28000 total training episodes: -2.7249999999999996
2019-08-18 12:33:38,173 - INFO - Training for 1000 episodes...
2019-08-18 12:35:01,093 - INFO - Training of 1000 finished with following result:
2019-08-18 12:35:01,094 - INFO - Average total reward over 1000 training episodes after 29000 total training episodes: -6.96
2019-08-18 12:35:01,094 - INFO - Average scaled reward over 1000 training episodes after 29000 total training episodes: -2.628333333333333
2019-08-18 12:35:01,094 - INFO - Total training steps up to now: 94808
2019-08-18 12:35:01,094 - INFO - Saving the agent...
2019-08-18 12:35:01,257 - INFO - Validating for 100 episodes...
2019-08-18 12:35:01,832 - INFO - Training of 100 finished with following result:
2019-08-18 12:35:01,832 - INFO - Average total reward over 100 validation episodes after 29000 total training episodes: -6.8
2019-08-18 12:35:01,833 - INFO - Average scaled reward over 100 validation episodes after 29000 total training episodes: -2.5500000000000003
2019-08-18 12:35:01,833 - INFO - Training for 1000 episodes...
2019-08-18 12:36:24,857 - INFO - Training of 1000 finished with following result:
2019-08-18 12:36:24,857 - INFO - Average total reward over 1000 training episodes after 30000 total training episodes: -6.94
2019-08-18 12:36:24,858 - INFO - Average scaled reward over 1000 training episodes after 30000 total training episodes: -2.6258333333333335
2019-08-18 12:36:24,858 - INFO - Total training steps up to now: 98165
2019-08-18 12:36:24,858 - INFO - Saving the agent...
2019-08-18 12:36:24,961 - INFO - Validating for 100 episodes...
2019-08-18 12:36:25,537 - INFO - Training of 100 finished with following result:
2019-08-18 12:36:25,537 - INFO - Average total reward over 100 validation episodes after 30000 total training episodes: -7.1
2019-08-18 12:36:25,537 - INFO - Average scaled reward over 100 validation episodes after 30000 total training episodes: -2.5500000000000003
2019-08-18 12:36:25,537 - INFO - Training for 1000 episodes...
2019-08-18 12:37:49,443 - INFO - Training of 1000 finished with following result:
2019-08-18 12:37:49,444 - INFO - Average total reward over 1000 training episodes after 31000 total training episodes: -6.98
2019-08-18 12:37:49,444 - INFO - Average scaled reward over 1000 training episodes after 31000 total training episodes: -2.5958333333333337
2019-08-18 12:37:49,444 - INFO - Total training steps up to now: 101542
2019-08-18 12:37:49,444 - INFO - Saving the agent...
2019-08-18 12:37:49,784 - INFO - Validating for 100 episodes...
2019-08-18 12:37:50,356 - INFO - Training of 100 finished with following result:
2019-08-18 12:37:50,356 - INFO - Average total reward over 100 validation episodes after 31000 total training episodes: -7.6
2019-08-18 12:37:50,356 - INFO - Average scaled reward over 100 validation episodes after 31000 total training episodes: -2.833333333333333
2019-08-18 12:37:50,356 - INFO - Training for 1000 episodes...
2019-08-18 12:39:12,216 - INFO - Training of 1000 finished with following result:
2019-08-18 12:39:12,217 - INFO - Average total reward over 1000 training episodes after 32000 total training episodes: -7.25
2019-08-18 12:39:12,217 - INFO - Average scaled reward over 1000 training episodes after 32000 total training episodes: -2.7033333333333336
2019-08-18 12:39:12,217 - INFO - Total training steps up to now: 104854
2019-08-18 12:39:12,217 - INFO - Saving the agent...
2019-08-18 12:39:12,318 - INFO - Validating for 100 episodes...
2019-08-18 12:39:12,883 - INFO - Training of 100 finished with following result:
2019-08-18 12:39:12,883 - INFO - Average total reward over 100 validation episodes after 32000 total training episodes: -6.9
2019-08-18 12:39:12,883 - INFO - Average scaled reward over 100 validation episodes after 32000 total training episodes: -2.566666666666667
2019-08-18 12:39:12,883 - INFO - Training for 1000 episodes...
2019-08-18 12:40:35,001 - INFO - Training of 1000 finished with following result:
2019-08-18 12:40:35,002 - INFO - Average total reward over 1000 training episodes after 33000 total training episodes: -7.3
2019-08-18 12:40:35,002 - INFO - Average scaled reward over 1000 training episodes after 33000 total training episodes: -2.7175
2019-08-18 12:40:35,002 - INFO - Total training steps up to now: 108157
2019-08-18 12:40:35,002 - INFO - Saving the agent...
2019-08-18 12:40:35,340 - INFO - Validating for 100 episodes...
2019-08-18 12:40:35,936 - INFO - Training of 100 finished with following result:
2019-08-18 12:40:35,936 - INFO - Average total reward over 100 validation episodes after 33000 total training episodes: -7.6
2019-08-18 12:40:35,937 - INFO - Average scaled reward over 100 validation episodes after 33000 total training episodes: -2.8499999999999996
2019-08-18 12:40:35,937 - INFO - Training for 1000 episodes...
2019-08-18 12:41:57,289 - INFO - Training of 1000 finished with following result:
2019-08-18 12:41:57,289 - INFO - Average total reward over 1000 training episodes after 34000 total training episodes: -7.14
2019-08-18 12:41:57,289 - INFO - Average scaled reward over 1000 training episodes after 34000 total training episodes: -2.714166666666667
2019-08-18 12:41:57,289 - INFO - Total training steps up to now: 111460
2019-08-18 12:41:57,289 - INFO - Saving the agent...
2019-08-18 12:41:57,397 - INFO - Validating for 100 episodes...
2019-08-18 12:41:58,022 - INFO - Training of 100 finished with following result:
2019-08-18 12:41:58,023 - INFO - Average total reward over 100 validation episodes after 34000 total training episodes: -6.3
2019-08-18 12:41:58,023 - INFO - Average scaled reward over 100 validation episodes after 34000 total training episodes: -2.3666666666666667
2019-08-18 12:41:58,023 - INFO - Training for 1000 episodes...
2019-08-18 12:43:22,432 - INFO - Training of 1000 finished with following result:
2019-08-18 12:43:22,432 - INFO - Average total reward over 1000 training episodes after 35000 total training episodes: -6.98
2019-08-18 12:43:22,432 - INFO - Average scaled reward over 1000 training episodes after 35000 total training episodes: -2.598333333333333
2019-08-18 12:43:22,432 - INFO - Total training steps up to now: 114825
2019-08-18 12:43:22,432 - INFO - Saving the agent...
2019-08-18 12:43:22,548 - INFO - Validating for 100 episodes...
2019-08-18 12:43:23,134 - INFO - Training of 100 finished with following result:
2019-08-18 12:43:23,135 - INFO - Average total reward over 100 validation episodes after 35000 total training episodes: -7.3
2019-08-18 12:43:23,135 - INFO - Average scaled reward over 100 validation episodes after 35000 total training episodes: -2.716666666666666
2019-08-18 12:43:23,135 - INFO - Training for 1000 episodes...
2019-08-18 12:44:45,255 - INFO - Training of 1000 finished with following result:
2019-08-18 12:44:45,255 - INFO - Average total reward over 1000 training episodes after 36000 total training episodes: -7.28
2019-08-18 12:44:45,255 - INFO - Average scaled reward over 1000 training episodes after 36000 total training episodes: -2.7675000000000005
2019-08-18 12:44:45,255 - INFO - Total training steps up to now: 118103
2019-08-18 12:44:45,255 - INFO - Saving the agent...
2019-08-18 12:44:45,595 - INFO - Validating for 100 episodes...
2019-08-18 12:44:46,180 - INFO - Training of 100 finished with following result:
2019-08-18 12:44:46,181 - INFO - Average total reward over 100 validation episodes after 36000 total training episodes: -7.4
2019-08-18 12:44:46,181 - INFO - Average scaled reward over 100 validation episodes after 36000 total training episodes: -2.766666666666666
2019-08-18 12:44:46,181 - INFO - Training for 1000 episodes...
2019-08-18 12:46:08,334 - INFO - Training of 1000 finished with following result:
2019-08-18 12:46:08,334 - INFO - Average total reward over 1000 training episodes after 37000 total training episodes: -7.29
2019-08-18 12:46:08,334 - INFO - Average scaled reward over 1000 training episodes after 37000 total training episodes: -2.7575
2019-08-18 12:46:08,335 - INFO - Total training steps up to now: 121380
2019-08-18 12:46:08,335 - INFO - Saving the agent...
2019-08-18 12:46:08,446 - INFO - Validating for 100 episodes...
2019-08-18 12:46:09,050 - INFO - Training of 100 finished with following result:
2019-08-18 12:46:09,050 - INFO - Average total reward over 100 validation episodes after 37000 total training episodes: -6.7
2019-08-18 12:46:09,050 - INFO - Average scaled reward over 100 validation episodes after 37000 total training episodes: -2.4333333333333336
2019-08-18 12:46:09,050 - INFO - Training for 1000 episodes...
2019-08-18 12:47:31,202 - INFO - Training of 1000 finished with following result:
2019-08-18 12:47:31,203 - INFO - Average total reward over 1000 training episodes after 38000 total training episodes: -7.34
2019-08-18 12:47:31,203 - INFO - Average scaled reward over 1000 training episodes after 38000 total training episodes: -2.790833333333334
2019-08-18 12:47:31,203 - INFO - Total training steps up to now: 124638
2019-08-18 12:47:31,203 - INFO - Saving the agent...
2019-08-18 12:47:31,309 - INFO - Validating for 100 episodes...
2019-08-18 12:47:31,914 - INFO - Training of 100 finished with following result:
2019-08-18 12:47:31,914 - INFO - Average total reward over 100 validation episodes after 38000 total training episodes: -7.0
2019-08-18 12:47:31,914 - INFO - Average scaled reward over 100 validation episodes after 38000 total training episodes: -2.566666666666667
2019-08-18 12:47:31,914 - INFO - Training for 1000 episodes...
2019-08-18 12:48:57,232 - INFO - Training of 1000 finished with following result:
2019-08-18 12:48:57,232 - INFO - Average total reward over 1000 training episodes after 39000 total training episodes: -6.9
2019-08-18 12:48:57,232 - INFO - Average scaled reward over 1000 training episodes after 39000 total training episodes: -2.581666666666667
2019-08-18 12:48:57,232 - INFO - Total training steps up to now: 128022
2019-08-18 12:48:57,232 - INFO - Saving the agent...
2019-08-18 12:48:57,331 - INFO - Validating for 100 episodes...
2019-08-18 12:48:57,902 - INFO - Training of 100 finished with following result:
2019-08-18 12:48:57,902 - INFO - Average total reward over 100 validation episodes after 39000 total training episodes: -6.9
2019-08-18 12:48:57,902 - INFO - Average scaled reward over 100 validation episodes after 39000 total training episodes: -2.6166666666666663
2019-08-18 12:48:57,902 - INFO - Training for 1000 episodes...
2019-08-18 12:50:22,153 - INFO - Training of 1000 finished with following result:
2019-08-18 12:50:22,154 - INFO - Average total reward over 1000 training episodes after 40000 total training episodes: -6.96
2019-08-18 12:50:22,154 - INFO - Average scaled reward over 1000 training episodes after 40000 total training episodes: -2.609166666666667
2019-08-18 12:50:22,154 - INFO - Total training steps up to now: 131388
2019-08-18 12:50:22,154 - INFO - Saving the agent...
2019-08-18 12:50:22,256 - INFO - Validating for 100 episodes...
2019-08-18 12:50:22,841 - INFO - Training of 100 finished with following result:
2019-08-18 12:50:22,842 - INFO - Average total reward over 100 validation episodes after 40000 total training episodes: -7.0
2019-08-18 12:50:22,842 - INFO - Average scaled reward over 100 validation episodes after 40000 total training episodes: -2.5000000000000004
2019-08-18 12:50:22,842 - INFO - Training for 1000 episodes...
2019-08-18 12:51:44,645 - INFO - Training of 1000 finished with following result:
2019-08-18 12:51:44,646 - INFO - Average total reward over 1000 training episodes after 41000 total training episodes: -7.15
2019-08-18 12:51:44,646 - INFO - Average scaled reward over 1000 training episodes after 41000 total training episodes: -2.7358333333333333
2019-08-18 12:51:44,646 - INFO - Total training steps up to now: 134681
2019-08-18 12:51:44,646 - INFO - Saving the agent...
2019-08-18 12:51:44,841 - INFO - Validating for 100 episodes...
2019-08-18 12:51:45,415 - INFO - Training of 100 finished with following result:
2019-08-18 12:51:45,415 - INFO - Average total reward over 100 validation episodes after 41000 total training episodes: -7.5
2019-08-18 12:51:45,415 - INFO - Average scaled reward over 100 validation episodes after 41000 total training episodes: -2.783333333333333
2019-08-18 12:51:45,415 - INFO - Training for 1000 episodes...
2019-08-18 12:53:06,669 - INFO - Training of 1000 finished with following result:
2019-08-18 12:53:06,670 - INFO - Average total reward over 1000 training episodes after 42000 total training episodes: -7.17
2019-08-18 12:53:06,670 - INFO - Average scaled reward over 1000 training episodes after 42000 total training episodes: -2.6958333333333337
2019-08-18 12:53:06,670 - INFO - Total training steps up to now: 137997
2019-08-18 12:53:06,670 - INFO - Saving the agent...
2019-08-18 12:53:06,781 - INFO - Validating for 100 episodes...
2019-08-18 12:53:07,336 - INFO - Training of 100 finished with following result:
2019-08-18 12:53:07,336 - INFO - Average total reward over 100 validation episodes after 42000 total training episodes: -7.4
2019-08-18 12:53:07,336 - INFO - Average scaled reward over 100 validation episodes after 42000 total training episodes: -2.7666666666666657
2019-08-18 12:53:07,336 - INFO - Training for 1000 episodes...
2019-08-18 12:54:28,234 - INFO - Training of 1000 finished with following result:
2019-08-18 12:54:28,235 - INFO - Average total reward over 1000 training episodes after 43000 total training episodes: -7.16
2019-08-18 12:54:28,235 - INFO - Average scaled reward over 1000 training episodes after 43000 total training episodes: -2.7075
2019-08-18 12:54:28,235 - INFO - Total training steps up to now: 141305
2019-08-18 12:54:28,235 - INFO - Saving the agent...
2019-08-18 12:54:28,345 - INFO - Validating for 100 episodes...
2019-08-18 12:54:28,890 - INFO - Training of 100 finished with following result:
2019-08-18 12:54:28,890 - INFO - Average total reward over 100 validation episodes after 43000 total training episodes: -7.7
2019-08-18 12:54:28,890 - INFO - Average scaled reward over 100 validation episodes after 43000 total training episodes: -2.8166666666666655
2019-08-18 12:54:28,890 - INFO - Training for 1000 episodes...
2019-08-18 12:55:50,041 - INFO - Training of 1000 finished with following result:
2019-08-18 12:55:50,041 - INFO - Average total reward over 1000 training episodes after 44000 total training episodes: -7.2
2019-08-18 12:55:50,041 - INFO - Average scaled reward over 1000 training episodes after 44000 total training episodes: -2.691666666666667
2019-08-18 12:55:50,042 - INFO - Total training steps up to now: 144625
2019-08-18 12:55:50,042 - INFO - Saving the agent...
2019-08-18 12:55:50,146 - INFO - Validating for 100 episodes...
2019-08-18 12:55:50,706 - INFO - Training of 100 finished with following result:
2019-08-18 12:55:50,706 - INFO - Average total reward over 100 validation episodes after 44000 total training episodes: -6.8
2019-08-18 12:55:50,706 - INFO - Average scaled reward over 100 validation episodes after 44000 total training episodes: -2.65
2019-08-18 12:55:50,706 - INFO - Training for 1000 episodes...
2019-08-18 12:57:12,184 - INFO - Training of 1000 finished with following result:
2019-08-18 12:57:12,184 - INFO - Average total reward over 1000 training episodes after 45000 total training episodes: -6.97
2019-08-18 12:57:12,184 - INFO - Average scaled reward over 1000 training episodes after 45000 total training episodes: -2.6458333333333335
2019-08-18 12:57:12,184 - INFO - Total training steps up to now: 147965
2019-08-18 12:57:12,184 - INFO - Saving the agent...
2019-08-18 12:57:12,550 - INFO - Validating for 100 episodes...
2019-08-18 12:57:13,083 - INFO - Training of 100 finished with following result:
2019-08-18 12:57:13,084 - INFO - Average total reward over 100 validation episodes after 45000 total training episodes: -7.4
2019-08-18 12:57:13,084 - INFO - Average scaled reward over 100 validation episodes after 45000 total training episodes: -2.6999999999999993
2019-08-18 12:57:13,084 - INFO - Training for 1000 episodes...
2019-08-18 12:58:34,418 - INFO - Training of 1000 finished with following result:
2019-08-18 12:58:34,419 - INFO - Average total reward over 1000 training episodes after 46000 total training episodes: -7.18
2019-08-18 12:58:34,419 - INFO - Average scaled reward over 1000 training episodes after 46000 total training episodes: -2.7008333333333336
2019-08-18 12:58:34,419 - INFO - Total training steps up to now: 151279
2019-08-18 12:58:34,419 - INFO - Saving the agent...
2019-08-18 12:58:34,528 - INFO - Validating for 100 episodes...
2019-08-18 12:58:35,099 - INFO - Training of 100 finished with following result:
2019-08-18 12:58:35,099 - INFO - Average total reward over 100 validation episodes after 46000 total training episodes: -7.3
2019-08-18 12:58:35,099 - INFO - Average scaled reward over 100 validation episodes after 46000 total training episodes: -2.625
2019-08-18 12:58:35,100 - INFO - Training for 1000 episodes...
2019-08-18 12:59:56,312 - INFO - Training of 1000 finished with following result:
2019-08-18 12:59:56,312 - INFO - Average total reward over 1000 training episodes after 47000 total training episodes: -7.26
2019-08-18 12:59:56,312 - INFO - Average scaled reward over 1000 training episodes after 47000 total training episodes: -2.7708333333333335
2019-08-18 12:59:56,313 - INFO - Total training steps up to now: 154556
2019-08-18 12:59:56,313 - INFO - Saving the agent...
2019-08-18 12:59:56,418 - INFO - Validating for 100 episodes...
2019-08-18 12:59:56,970 - INFO - Training of 100 finished with following result:
2019-08-18 12:59:56,970 - INFO - Average total reward over 100 validation episodes after 47000 total training episodes: -7.1
2019-08-18 12:59:56,970 - INFO - Average scaled reward over 100 validation episodes after 47000 total training episodes: -2.6333333333333324
2019-08-18 12:59:56,971 - INFO - Training for 1000 episodes...
2019-08-18 13:01:19,005 - INFO - Training of 1000 finished with following result:
2019-08-18 13:01:19,006 - INFO - Average total reward over 1000 training episodes after 48000 total training episodes: -7.21
2019-08-18 13:01:19,006 - INFO - Average scaled reward over 1000 training episodes after 48000 total training episodes: -2.734166666666667
2019-08-18 13:01:19,006 - INFO - Total training steps up to now: 157850
2019-08-18 13:01:19,006 - INFO - Saving the agent...
2019-08-18 13:01:19,116 - INFO - Validating for 100 episodes...
2019-08-18 13:01:19,683 - INFO - Training of 100 finished with following result:
2019-08-18 13:01:19,683 - INFO - Average total reward over 100 validation episodes after 48000 total training episodes: -7.3
2019-08-18 13:01:19,683 - INFO - Average scaled reward over 100 validation episodes after 48000 total training episodes: -2.783333333333333
2019-08-18 13:01:19,683 - INFO - Training for 1000 episodes...
2019-08-18 13:02:41,772 - INFO - Training of 1000 finished with following result:
2019-08-18 13:02:41,772 - INFO - Average total reward over 1000 training episodes after 49000 total training episodes: -7.16
2019-08-18 13:02:41,772 - INFO - Average scaled reward over 1000 training episodes after 49000 total training episodes: -2.714166666666667
2019-08-18 13:02:41,773 - INFO - Total training steps up to now: 161168
2019-08-18 13:02:41,773 - INFO - Saving the agent...
2019-08-18 13:02:41,878 - INFO - Validating for 100 episodes...
2019-08-18 13:02:42,449 - INFO - Training of 100 finished with following result:
2019-08-18 13:02:42,449 - INFO - Average total reward over 100 validation episodes after 49000 total training episodes: -7.0
2019-08-18 13:02:42,449 - INFO - Average scaled reward over 100 validation episodes after 49000 total training episodes: -2.591666666666667
2019-08-18 13:02:42,450 - INFO - Training for 1000 episodes...
2019-08-18 13:04:05,386 - INFO - Training of 1000 finished with following result:
2019-08-18 13:04:05,387 - INFO - Average total reward over 1000 training episodes after 50000 total training episodes: -7.02
2019-08-18 13:04:05,387 - INFO - Average scaled reward over 1000 training episodes after 50000 total training episodes: -2.621666666666667
2019-08-18 13:04:05,387 - INFO - Total training steps up to now: 164525
2019-08-18 13:04:05,387 - INFO - Saving the agent...
2019-08-18 13:04:05,492 - INFO - Validating for 100 episodes...
2019-08-18 13:04:06,047 - INFO - Training of 100 finished with following result:
2019-08-18 13:04:06,047 - INFO - Average total reward over 100 validation episodes after 50000 total training episodes: -6.7
2019-08-18 13:04:06,047 - INFO - Average scaled reward over 100 validation episodes after 50000 total training episodes: -2.5666666666666664
2019-08-18 13:04:06,048 - INFO - Testing for 100 episodes...
2019-08-18 13:04:06,627 - INFO - Testing of 100 finished with following result:
2019-08-18 13:04:06,627 - INFO - Average total reward over 100 test episodes: -7.1
2019-08-18 13:04:06,627 - INFO - Average scaled reward over 100 test episodes: -2.7333333333333325
2019-08-18 13:04:06,627 - INFO - Testing for 100 episodes...
2019-08-18 13:04:07,210 - INFO - Testing of 100 finished with following result:
2019-08-18 13:04:07,211 - INFO - Average total reward over 100 test episodes: -7.3
2019-08-18 13:04:07,211 - INFO - Average scaled reward over 100 test episodes: -2.741666666666666
2019-08-18 13:04:07,211 - INFO - Testing for 100 episodes...
2019-08-18 13:04:07,799 - INFO - Testing of 100 finished with following result:
2019-08-18 13:04:07,800 - INFO - Average total reward over 100 test episodes: -7.2
2019-08-18 13:04:07,800 - INFO - Average scaled reward over 100 test episodes: -2.6749999999999994
2019-08-18 13:04:07,800 - INFO - Testing for 100 episodes...
2019-08-18 13:04:08,335 - INFO - Testing of 100 finished with following result:
2019-08-18 13:04:08,335 - INFO - Average total reward over 100 test episodes: -7.1
2019-08-18 13:04:08,335 - INFO - Average scaled reward over 100 test episodes: -2.733333333333333
2019-08-18 13:04:08,335 - INFO - Testing for 100 episodes...
2019-08-18 13:04:08,923 - INFO - Testing of 100 finished with following result:
2019-08-18 13:04:08,923 - INFO - Average total reward over 100 test episodes: -7.7
2019-08-18 13:04:08,923 - INFO - Average scaled reward over 100 test episodes: -2.8333333333333326
2019-08-18 13:04:08,924 - INFO - Testing for 100 episodes...
2019-08-18 13:04:09,508 - INFO - Testing of 100 finished with following result:
2019-08-18 13:04:09,508 - INFO - Average total reward over 100 test episodes: -7.1
2019-08-18 13:04:09,508 - INFO - Average scaled reward over 100 test episodes: -2.6499999999999995
2019-08-18 13:04:09,508 - INFO - Testing for 100 episodes...
2019-08-18 13:04:10,097 - INFO - Testing of 100 finished with following result:
2019-08-18 13:04:10,098 - INFO - Average total reward over 100 test episodes: -7.2
2019-08-18 13:04:10,098 - INFO - Average scaled reward over 100 test episodes: -2.6166666666666663
2019-08-18 13:04:10,098 - INFO - Testing for 100 episodes...
2019-08-18 13:04:10,700 - INFO - Testing of 100 finished with following result:
2019-08-18 13:04:10,701 - INFO - Average total reward over 100 test episodes: -7.1
2019-08-18 13:04:10,701 - INFO - Average scaled reward over 100 test episodes: -2.5999999999999996
2019-08-18 13:04:10,701 - INFO - Testing for 100 episodes...
2019-08-18 13:04:11,287 - INFO - Testing of 100 finished with following result:
2019-08-18 13:04:11,288 - INFO - Average total reward over 100 test episodes: -7.4
2019-08-18 13:04:11,288 - INFO - Average scaled reward over 100 test episodes: -2.6916666666666664
2019-08-18 13:04:11,288 - INFO - Testing for 100 episodes...
2019-08-18 13:04:11,847 - INFO - Testing of 100 finished with following result:
2019-08-18 13:04:11,847 - INFO - Average total reward over 100 test episodes: -7.7
2019-08-18 13:04:11,847 - INFO - Average scaled reward over 100 test episodes: -2.9666666666666663
2019-08-18 13:04:11,847 - INFO - Average test total reward is -7.290000000000001 with 50000 training episodes
2019-08-18 13:04:11,848 - INFO - Average test scaled reward is -2.724166666666666 with 50000 training episodes
2019-08-18 13:04:11,848 - INFO - Best test total reward over 100 and 10 cycles is: -7.1
2019-08-18 13:04:11,848 - INFO - Best test scaled reward over 100 and 10 cycles is: -2.5999999999999996
2019-08-18 13:04:11,848 - INFO - The experiment is not successful
