2019-08-18 11:19:04,586 - INFO - Setup of experiment b_experiment_high_reward...
2019-08-18 11:19:04,587 - INFO - Environment setup...
2019-08-18 11:19:04,587 - INFO - Environment setup is successful!
2019-08-18 11:19:04,587 - INFO - Agent setup...
2019-08-18 11:19:04,587 - INFO - Setup of agent dddqn_boltzmann_agent with scope b_experiment_high_reward...
2019-08-18 11:19:04,588 - INFO - A Tensorboard summary for the agent will be updated during training of its internal model
2019-08-18 11:19:04,588 - INFO - Tensorboard summary path: ./experiments/tictactoe_dddql_vs_random_2019-08-18/b_experiment_high_reward/summary
2019-08-18 11:19:04,588 - INFO - Generating exploration policy...
2019-08-18 11:19:04,588 - INFO - Generating model model with scope b_experiment_high_reward/dddqn_boltzmann_agent...
2019-08-18 11:19:04,588 - INFO - Model generation successful
2019-08-18 11:19:04,979 - INFO - Agent setup is successful!
2019-08-18 11:19:04,995 - INFO - Agent internal model will be saved after each train volley
2019-08-18 11:19:04,995 - INFO - Agent internal model metagraph save path: ./experiments/tictactoe_dddql_vs_random_2019-08-18/b_experiment_high_reward/metagraph
2019-08-18 11:19:04,995 - INFO - Tensorflow configuration is successful!
2019-08-18 11:19:04,995 - INFO - Experiment setup is successful. Now can conduct the experiment
2019-08-18 11:19:04,995 - INFO - Conducting experiment b_experiment_high_reward...
2019-08-18 11:19:05,181 - INFO - Model initialized to default state
2019-08-18 11:19:05,199 - INFO - Warming-up for 100000 episodes...
2019-08-18 11:19:42,696 - INFO - Training for 1000 episodes...
2019-08-18 11:21:03,468 - INFO - Training of 1000 finished with following result:
2019-08-18 11:21:03,468 - INFO - Average total reward over 1000 training episodes after 1000 total training episodes: 42.11
2019-08-18 11:21:03,468 - INFO - Average scaled reward over 1000 training episodes after 1000 total training episodes: 10.665
2019-08-18 11:21:03,469 - INFO - Total training steps up to now: 3767
2019-08-18 11:21:03,469 - INFO - Saving the agent...
2019-08-18 11:21:03,603 - INFO - Validating for 100 episodes...
2019-08-18 11:21:04,097 - INFO - Training of 100 finished with following result:
2019-08-18 11:21:04,098 - INFO - Average total reward over 100 validation episodes after 1000 total training episodes: 76.0
2019-08-18 11:21:04,098 - INFO - Average scaled reward over 100 validation episodes after 1000 total training episodes: 23.27500000000001
2019-08-18 11:21:04,098 - INFO - Training for 1000 episodes...
2019-08-18 11:22:22,375 - INFO - Training of 1000 finished with following result:
2019-08-18 11:22:22,375 - INFO - Average total reward over 1000 training episodes after 2000 total training episodes: 62.01
2019-08-18 11:22:22,376 - INFO - Average scaled reward over 1000 training episodes after 2000 total training episodes: 16.860833333333332
2019-08-18 11:22:22,376 - INFO - Total training steps up to now: 7420
2019-08-18 11:22:22,376 - INFO - Saving the agent...
2019-08-18 11:22:22,469 - INFO - Validating for 100 episodes...
2019-08-18 11:22:22,939 - INFO - Training of 100 finished with following result:
2019-08-18 11:22:22,939 - INFO - Average total reward over 100 validation episodes after 2000 total training episodes: 77.2
2019-08-18 11:22:22,939 - INFO - Average scaled reward over 100 validation episodes after 2000 total training episodes: 24.21666666666667
2019-08-18 11:22:22,940 - INFO - Training for 1000 episodes...
2019-08-18 11:23:38,433 - INFO - Training of 1000 finished with following result:
2019-08-18 11:23:38,434 - INFO - Average total reward over 1000 training episodes after 3000 total training episodes: 63.24
2019-08-18 11:23:38,434 - INFO - Average scaled reward over 1000 training episodes after 3000 total training episodes: 18.31
2019-08-18 11:23:38,434 - INFO - Total training steps up to now: 10960
2019-08-18 11:23:38,434 - INFO - Saving the agent...
2019-08-18 11:23:38,530 - INFO - Validating for 100 episodes...
2019-08-18 11:23:39,041 - INFO - Training of 100 finished with following result:
2019-08-18 11:23:39,041 - INFO - Average total reward over 100 validation episodes after 3000 total training episodes: 62.4
2019-08-18 11:23:39,041 - INFO - Average scaled reward over 100 validation episodes after 3000 total training episodes: 18.483333333333334
2019-08-18 11:23:39,041 - INFO - Training for 1000 episodes...
2019-08-18 11:24:58,048 - INFO - Training of 1000 finished with following result:
2019-08-18 11:24:58,049 - INFO - Average total reward over 1000 training episodes after 4000 total training episodes: 62.22
2019-08-18 11:24:58,049 - INFO - Average scaled reward over 1000 training episodes after 4000 total training episodes: 16.976666666666667
2019-08-18 11:24:58,049 - INFO - Total training steps up to now: 14663
2019-08-18 11:24:58,049 - INFO - Saving the agent...
2019-08-18 11:24:58,142 - INFO - Validating for 100 episodes...
2019-08-18 11:24:58,684 - INFO - Training of 100 finished with following result:
2019-08-18 11:24:58,685 - INFO - Average total reward over 100 validation episodes after 4000 total training episodes: 57.9
2019-08-18 11:24:58,685 - INFO - Average scaled reward over 100 validation episodes after 4000 total training episodes: 15.450000000000003
2019-08-18 11:24:58,685 - INFO - Training for 1000 episodes...
2019-08-18 11:26:21,782 - INFO - Training of 1000 finished with following result:
2019-08-18 11:26:21,782 - INFO - Average total reward over 1000 training episodes after 5000 total training episodes: 52.49
2019-08-18 11:26:21,782 - INFO - Average scaled reward over 1000 training episodes after 5000 total training episodes: 13.284166666666668
2019-08-18 11:26:21,782 - INFO - Total training steps up to now: 18546
2019-08-18 11:26:21,782 - INFO - Saving the agent...
2019-08-18 11:26:21,877 - INFO - Validating for 100 episodes...
2019-08-18 11:26:22,509 - INFO - Training of 100 finished with following result:
2019-08-18 11:26:22,509 - INFO - Average total reward over 100 validation episodes after 5000 total training episodes: 50.4
2019-08-18 11:26:22,509 - INFO - Average scaled reward over 100 validation episodes after 5000 total training episodes: 11.491666666666665
2019-08-18 11:26:22,509 - INFO - Training for 1000 episodes...
2019-08-18 11:27:50,614 - INFO - Training of 1000 finished with following result:
2019-08-18 11:27:50,615 - INFO - Average total reward over 1000 training episodes after 6000 total training episodes: 42.86
2019-08-18 11:27:50,615 - INFO - Average scaled reward over 1000 training episodes after 6000 total training episodes: 9.435
2019-08-18 11:27:50,615 - INFO - Total training steps up to now: 22649
2019-08-18 11:27:50,615 - INFO - Saving the agent...
2019-08-18 11:27:50,713 - INFO - Validating for 100 episodes...
2019-08-18 11:27:51,362 - INFO - Training of 100 finished with following result:
2019-08-18 11:27:51,362 - INFO - Average total reward over 100 validation episodes after 6000 total training episodes: 44.5
2019-08-18 11:27:51,362 - INFO - Average scaled reward over 100 validation episodes after 6000 total training episodes: 9.933333333333334
2019-08-18 11:27:51,363 - INFO - Training for 1000 episodes...
2019-08-18 11:29:19,370 - INFO - Training of 1000 finished with following result:
2019-08-18 11:29:19,371 - INFO - Average total reward over 1000 training episodes after 7000 total training episodes: 43.0
2019-08-18 11:29:19,371 - INFO - Average scaled reward over 1000 training episodes after 7000 total training episodes: 9.375833333333333
2019-08-18 11:29:19,371 - INFO - Total training steps up to now: 26749
2019-08-18 11:29:19,371 - INFO - Saving the agent...
2019-08-18 11:29:19,462 - INFO - Validating for 100 episodes...
2019-08-18 11:29:20,134 - INFO - Training of 100 finished with following result:
2019-08-18 11:29:20,135 - INFO - Average total reward over 100 validation episodes after 7000 total training episodes: 41.2
2019-08-18 11:29:20,135 - INFO - Average scaled reward over 100 validation episodes after 7000 total training episodes: 9.05
2019-08-18 11:29:20,135 - INFO - Training for 1000 episodes...
2019-08-18 11:30:48,604 - INFO - Training of 1000 finished with following result:
2019-08-18 11:30:48,605 - INFO - Average total reward over 1000 training episodes after 8000 total training episodes: 38.02
2019-08-18 11:30:48,605 - INFO - Average scaled reward over 1000 training episodes after 8000 total training episodes: 8.165
2019-08-18 11:30:48,605 - INFO - Total training steps up to now: 30866
2019-08-18 11:30:48,605 - INFO - Saving the agent...
2019-08-18 11:30:48,698 - INFO - Validating for 100 episodes...
2019-08-18 11:30:49,281 - INFO - Training of 100 finished with following result:
2019-08-18 11:30:49,281 - INFO - Average total reward over 100 validation episodes after 8000 total training episodes: 37.7
2019-08-18 11:30:49,281 - INFO - Average scaled reward over 100 validation episodes after 8000 total training episodes: 8.016666666666666
2019-08-18 11:30:49,282 - INFO - Training for 1000 episodes...
2019-08-18 11:32:18,159 - INFO - Training of 1000 finished with following result:
2019-08-18 11:32:18,159 - INFO - Average total reward over 1000 training episodes after 9000 total training episodes: 37.94
2019-08-18 11:32:18,159 - INFO - Average scaled reward over 1000 training episodes after 9000 total training episodes: 8.038333333333334
2019-08-18 11:32:18,160 - INFO - Total training steps up to now: 35010
2019-08-18 11:32:18,160 - INFO - Saving the agent...
2019-08-18 11:32:18,260 - INFO - Validating for 100 episodes...
2019-08-18 11:32:18,872 - INFO - Training of 100 finished with following result:
2019-08-18 11:32:18,872 - INFO - Average total reward over 100 validation episodes after 9000 total training episodes: 37.4
2019-08-18 11:32:18,872 - INFO - Average scaled reward over 100 validation episodes after 9000 total training episodes: 7.783333333333334
2019-08-18 11:32:18,872 - INFO - Training for 1000 episodes...
2019-08-18 11:33:46,391 - INFO - Training of 1000 finished with following result:
2019-08-18 11:33:46,392 - INFO - Average total reward over 1000 training episodes after 10000 total training episodes: 37.74
2019-08-18 11:33:46,392 - INFO - Average scaled reward over 1000 training episodes after 10000 total training episodes: 7.92
2019-08-18 11:33:46,392 - INFO - Total training steps up to now: 39105
2019-08-18 11:33:46,392 - INFO - Saving the agent...
2019-08-18 11:33:46,488 - INFO - Validating for 100 episodes...
2019-08-18 11:33:47,076 - INFO - Training of 100 finished with following result:
2019-08-18 11:33:47,076 - INFO - Average total reward over 100 validation episodes after 10000 total training episodes: 45.2
2019-08-18 11:33:47,076 - INFO - Average scaled reward over 100 validation episodes after 10000 total training episodes: 9.541666666666668
2019-08-18 11:33:47,076 - INFO - Training for 1000 episodes...
2019-08-18 11:35:15,859 - INFO - Training of 1000 finished with following result:
2019-08-18 11:35:15,860 - INFO - Average total reward over 1000 training episodes after 11000 total training episodes: 37.43
2019-08-18 11:35:15,860 - INFO - Average scaled reward over 1000 training episodes after 11000 total training episodes: 7.788333333333334
2019-08-18 11:35:15,860 - INFO - Total training steps up to now: 43239
2019-08-18 11:35:15,860 - INFO - Saving the agent...
2019-08-18 11:35:15,968 - INFO - Validating for 100 episodes...
2019-08-18 11:35:16,570 - INFO - Training of 100 finished with following result:
2019-08-18 11:35:16,571 - INFO - Average total reward over 100 validation episodes after 11000 total training episodes: 43.9
2019-08-18 11:35:16,571 - INFO - Average scaled reward over 100 validation episodes after 11000 total training episodes: 9.3
2019-08-18 11:35:16,571 - INFO - Training for 1000 episodes...
2019-08-18 11:36:46,018 - INFO - Training of 1000 finished with following result:
2019-08-18 11:36:46,018 - INFO - Average total reward over 1000 training episodes after 12000 total training episodes: 38.23
2019-08-18 11:36:46,018 - INFO - Average scaled reward over 1000 training episodes after 12000 total training episodes: 8.075
2019-08-18 11:36:46,018 - INFO - Total training steps up to now: 47388
2019-08-18 11:36:46,018 - INFO - Saving the agent...
2019-08-18 11:36:46,119 - INFO - Validating for 100 episodes...
2019-08-18 11:36:46,690 - INFO - Training of 100 finished with following result:
2019-08-18 11:36:46,691 - INFO - Average total reward over 100 validation episodes after 12000 total training episodes: 40.9
2019-08-18 11:36:46,691 - INFO - Average scaled reward over 100 validation episodes after 12000 total training episodes: 8.55
2019-08-18 11:36:46,691 - INFO - Training for 1000 episodes...
2019-08-18 11:38:16,207 - INFO - Training of 1000 finished with following result:
2019-08-18 11:38:16,208 - INFO - Average total reward over 1000 training episodes after 13000 total training episodes: 39.9
2019-08-18 11:38:16,208 - INFO - Average scaled reward over 1000 training episodes after 13000 total training episodes: 8.438333333333333
2019-08-18 11:38:16,208 - INFO - Total training steps up to now: 51551
2019-08-18 11:38:16,208 - INFO - Saving the agent...
2019-08-18 11:38:16,320 - INFO - Validating for 100 episodes...
2019-08-18 11:38:16,931 - INFO - Training of 100 finished with following result:
2019-08-18 11:38:16,931 - INFO - Average total reward over 100 validation episodes after 13000 total training episodes: 36.4
2019-08-18 11:38:16,932 - INFO - Average scaled reward over 100 validation episodes after 13000 total training episodes: 7.758333333333333
2019-08-18 11:38:16,932 - INFO - Training for 1000 episodes...
2019-08-18 11:39:46,083 - INFO - Training of 1000 finished with following result:
2019-08-18 11:39:46,083 - INFO - Average total reward over 1000 training episodes after 14000 total training episodes: 37.23
2019-08-18 11:39:46,084 - INFO - Average scaled reward over 1000 training episodes after 14000 total training episodes: 7.860833333333333
2019-08-18 11:39:46,084 - INFO - Total training steps up to now: 55700
2019-08-18 11:39:46,084 - INFO - Saving the agent...
2019-08-18 11:39:46,178 - INFO - Validating for 100 episodes...
2019-08-18 11:39:46,817 - INFO - Training of 100 finished with following result:
2019-08-18 11:39:46,817 - INFO - Average total reward over 100 validation episodes after 14000 total training episodes: 43.8
2019-08-18 11:39:46,817 - INFO - Average scaled reward over 100 validation episodes after 14000 total training episodes: 9.225
2019-08-18 11:39:46,817 - INFO - Training for 1000 episodes...
2019-08-18 11:41:15,576 - INFO - Training of 1000 finished with following result:
2019-08-18 11:41:15,577 - INFO - Average total reward over 1000 training episodes after 15000 total training episodes: 37.48
2019-08-18 11:41:15,577 - INFO - Average scaled reward over 1000 training episodes after 15000 total training episodes: 7.8175
2019-08-18 11:41:15,577 - INFO - Total training steps up to now: 59833
2019-08-18 11:41:15,577 - INFO - Saving the agent...
2019-08-18 11:41:15,678 - INFO - Validating for 100 episodes...
2019-08-18 11:41:16,292 - INFO - Training of 100 finished with following result:
2019-08-18 11:41:16,293 - INFO - Average total reward over 100 validation episodes after 15000 total training episodes: 42.3
2019-08-18 11:41:16,293 - INFO - Average scaled reward over 100 validation episodes after 15000 total training episodes: 9.141666666666666
2019-08-18 11:41:16,293 - INFO - Training for 1000 episodes...
2019-08-18 11:42:45,016 - INFO - Training of 1000 finished with following result:
2019-08-18 11:42:45,017 - INFO - Average total reward over 1000 training episodes after 16000 total training episodes: 37.47
2019-08-18 11:42:45,017 - INFO - Average scaled reward over 1000 training episodes after 16000 total training episodes: 7.919999999999999
2019-08-18 11:42:45,017 - INFO - Total training steps up to now: 63973
2019-08-18 11:42:45,017 - INFO - Saving the agent...
2019-08-18 11:42:45,116 - INFO - Validating for 100 episodes...
2019-08-18 11:42:45,731 - INFO - Training of 100 finished with following result:
2019-08-18 11:42:45,731 - INFO - Average total reward over 100 validation episodes after 16000 total training episodes: 47.0
2019-08-18 11:42:45,731 - INFO - Average scaled reward over 100 validation episodes after 16000 total training episodes: 10.15
2019-08-18 11:42:45,732 - INFO - Training for 1000 episodes...
2019-08-18 11:44:16,018 - INFO - Training of 1000 finished with following result:
2019-08-18 11:44:16,018 - INFO - Average total reward over 1000 training episodes after 17000 total training episodes: 40.61
2019-08-18 11:44:16,019 - INFO - Average scaled reward over 1000 training episodes after 17000 total training episodes: 8.579166666666666
2019-08-18 11:44:16,019 - INFO - Total training steps up to now: 68168
2019-08-18 11:44:16,019 - INFO - Saving the agent...
2019-08-18 11:44:16,121 - INFO - Validating for 100 episodes...
2019-08-18 11:44:16,703 - INFO - Training of 100 finished with following result:
2019-08-18 11:44:16,704 - INFO - Average total reward over 100 validation episodes after 17000 total training episodes: 39.1
2019-08-18 11:44:16,704 - INFO - Average scaled reward over 100 validation episodes after 17000 total training episodes: 8.241666666666667
2019-08-18 11:44:16,704 - INFO - Training for 1000 episodes...
2019-08-18 11:45:45,602 - INFO - Training of 1000 finished with following result:
2019-08-18 11:45:45,603 - INFO - Average total reward over 1000 training episodes after 18000 total training episodes: 38.56
2019-08-18 11:45:45,603 - INFO - Average scaled reward over 1000 training episodes after 18000 total training episodes: 8.0925
2019-08-18 11:45:45,603 - INFO - Total training steps up to now: 72319
2019-08-18 11:45:45,603 - INFO - Saving the agent...
2019-08-18 11:45:45,705 - INFO - Validating for 100 episodes...
2019-08-18 11:45:46,315 - INFO - Training of 100 finished with following result:
2019-08-18 11:45:46,315 - INFO - Average total reward over 100 validation episodes after 18000 total training episodes: 40.9
2019-08-18 11:45:46,315 - INFO - Average scaled reward over 100 validation episodes after 18000 total training episodes: 8.558333333333334
2019-08-18 11:45:46,315 - INFO - Training for 1000 episodes...
2019-08-18 11:47:15,526 - INFO - Training of 1000 finished with following result:
2019-08-18 11:47:15,527 - INFO - Average total reward over 1000 training episodes after 19000 total training episodes: 35.54
2019-08-18 11:47:15,527 - INFO - Average scaled reward over 1000 training episodes after 19000 total training episodes: 7.405
2019-08-18 11:47:15,527 - INFO - Total training steps up to now: 76463
2019-08-18 11:47:15,527 - INFO - Saving the agent...
2019-08-18 11:47:15,634 - INFO - Validating for 100 episodes...
2019-08-18 11:47:16,218 - INFO - Training of 100 finished with following result:
2019-08-18 11:47:16,218 - INFO - Average total reward over 100 validation episodes after 19000 total training episodes: 33.0
2019-08-18 11:47:16,219 - INFO - Average scaled reward over 100 validation episodes after 19000 total training episodes: 6.683333333333333
2019-08-18 11:47:16,219 - INFO - Training for 1000 episodes...
2019-08-18 11:48:45,308 - INFO - Training of 1000 finished with following result:
2019-08-18 11:48:45,308 - INFO - Average total reward over 1000 training episodes after 20000 total training episodes: 38.51
2019-08-18 11:48:45,308 - INFO - Average scaled reward over 1000 training episodes after 20000 total training episodes: 8.054166666666665
2019-08-18 11:48:45,308 - INFO - Total training steps up to now: 80605
2019-08-18 11:48:45,309 - INFO - Saving the agent...
2019-08-18 11:48:45,408 - INFO - Validating for 100 episodes...
2019-08-18 11:48:45,993 - INFO - Training of 100 finished with following result:
2019-08-18 11:48:45,993 - INFO - Average total reward over 100 validation episodes after 20000 total training episodes: 31.4
2019-08-18 11:48:45,994 - INFO - Average scaled reward over 100 validation episodes after 20000 total training episodes: 6.65
2019-08-18 11:48:45,994 - INFO - Training for 1000 episodes...
2019-08-18 11:50:13,796 - INFO - Training of 1000 finished with following result:
2019-08-18 11:50:13,797 - INFO - Average total reward over 1000 training episodes after 21000 total training episodes: 37.47
2019-08-18 11:50:13,797 - INFO - Average scaled reward over 1000 training episodes after 21000 total training episodes: 7.946666666666666
2019-08-18 11:50:13,797 - INFO - Total training steps up to now: 84699
2019-08-18 11:50:13,797 - INFO - Saving the agent...
2019-08-18 11:50:13,892 - INFO - Validating for 100 episodes...
2019-08-18 11:50:14,472 - INFO - Training of 100 finished with following result:
2019-08-18 11:50:14,472 - INFO - Average total reward over 100 validation episodes after 21000 total training episodes: 46.8
2019-08-18 11:50:14,472 - INFO - Average scaled reward over 100 validation episodes after 21000 total training episodes: 9.766666666666666
2019-08-18 11:50:14,472 - INFO - Training for 1000 episodes...
2019-08-18 11:51:43,353 - INFO - Training of 1000 finished with following result:
2019-08-18 11:51:43,354 - INFO - Average total reward over 1000 training episodes after 22000 total training episodes: 35.62
2019-08-18 11:51:43,354 - INFO - Average scaled reward over 1000 training episodes after 22000 total training episodes: 7.421666666666666
2019-08-18 11:51:43,354 - INFO - Total training steps up to now: 88840
2019-08-18 11:51:43,354 - INFO - Saving the agent...
2019-08-18 11:51:43,460 - INFO - Validating for 100 episodes...
2019-08-18 11:51:44,073 - INFO - Training of 100 finished with following result:
2019-08-18 11:51:44,073 - INFO - Average total reward over 100 validation episodes after 22000 total training episodes: 37.9
2019-08-18 11:51:44,074 - INFO - Average scaled reward over 100 validation episodes after 22000 total training episodes: 8.075
2019-08-18 11:51:44,074 - INFO - Training for 1000 episodes...
2019-08-18 11:53:12,981 - INFO - Training of 1000 finished with following result:
2019-08-18 11:53:12,981 - INFO - Average total reward over 1000 training episodes after 23000 total training episodes: 39.12
2019-08-18 11:53:12,981 - INFO - Average scaled reward over 1000 training episodes after 23000 total training episodes: 8.271666666666668
2019-08-18 11:53:12,981 - INFO - Total training steps up to now: 92977
2019-08-18 11:53:12,982 - INFO - Saving the agent...
2019-08-18 11:53:13,085 - INFO - Validating for 100 episodes...
2019-08-18 11:53:13,699 - INFO - Training of 100 finished with following result:
2019-08-18 11:53:13,700 - INFO - Average total reward over 100 validation episodes after 23000 total training episodes: 38.5
2019-08-18 11:53:13,700 - INFO - Average scaled reward over 100 validation episodes after 23000 total training episodes: 8.066666666666666
2019-08-18 11:53:13,700 - INFO - Training for 1000 episodes...
2019-08-18 11:54:43,111 - INFO - Training of 1000 finished with following result:
2019-08-18 11:54:43,111 - INFO - Average total reward over 1000 training episodes after 24000 total training episodes: 40.18
2019-08-18 11:54:43,112 - INFO - Average scaled reward over 1000 training episodes after 24000 total training episodes: 8.61
2019-08-18 11:54:43,112 - INFO - Total training steps up to now: 97136
2019-08-18 11:54:43,112 - INFO - Saving the agent...
2019-08-18 11:54:43,216 - INFO - Validating for 100 episodes...
2019-08-18 11:54:43,861 - INFO - Training of 100 finished with following result:
2019-08-18 11:54:43,862 - INFO - Average total reward over 100 validation episodes after 24000 total training episodes: 49.8
2019-08-18 11:54:43,862 - INFO - Average scaled reward over 100 validation episodes after 24000 total training episodes: 10.666666666666664
2019-08-18 11:54:43,862 - INFO - Training for 1000 episodes...
2019-08-18 11:56:13,170 - INFO - Training of 1000 finished with following result:
2019-08-18 11:56:13,170 - INFO - Average total reward over 1000 training episodes after 25000 total training episodes: 37.62
2019-08-18 11:56:13,171 - INFO - Average scaled reward over 1000 training episodes after 25000 total training episodes: 7.986666666666668
2019-08-18 11:56:13,171 - INFO - Total training steps up to now: 101278
2019-08-18 11:56:13,171 - INFO - Saving the agent...
2019-08-18 11:56:13,468 - INFO - Validating for 100 episodes...
2019-08-18 11:56:14,145 - INFO - Training of 100 finished with following result:
2019-08-18 11:56:14,145 - INFO - Average total reward over 100 validation episodes after 25000 total training episodes: 39.9
2019-08-18 11:56:14,145 - INFO - Average scaled reward over 100 validation episodes after 25000 total training episodes: 8.191666666666665
2019-08-18 11:56:14,146 - INFO - Testing for 100 episodes...
2019-08-18 11:56:14,777 - INFO - Testing of 100 finished with following result:
2019-08-18 11:56:14,777 - INFO - Average total reward over 100 test episodes: 36.4
2019-08-18 11:56:14,778 - INFO - Average scaled reward over 100 test episodes: 7.716666666666666
2019-08-18 11:56:14,778 - INFO - Testing for 100 episodes...
2019-08-18 11:56:15,409 - INFO - Testing of 100 finished with following result:
2019-08-18 11:56:15,409 - INFO - Average total reward over 100 test episodes: 42.6
2019-08-18 11:56:15,410 - INFO - Average scaled reward over 100 test episodes: 9.4
2019-08-18 11:56:15,410 - INFO - Testing for 100 episodes...
2019-08-18 11:56:16,039 - INFO - Testing of 100 finished with following result:
2019-08-18 11:56:16,039 - INFO - Average total reward over 100 test episodes: 29.0
2019-08-18 11:56:16,039 - INFO - Average scaled reward over 100 test episodes: 5.658333333333332
2019-08-18 11:56:16,039 - INFO - Testing for 100 episodes...
2019-08-18 11:56:16,656 - INFO - Testing of 100 finished with following result:
2019-08-18 11:56:16,656 - INFO - Average total reward over 100 test episodes: 35.4
2019-08-18 11:56:16,656 - INFO - Average scaled reward over 100 test episodes: 7.816666666666667
2019-08-18 11:56:16,656 - INFO - Testing for 100 episodes...
2019-08-18 11:56:17,260 - INFO - Testing of 100 finished with following result:
2019-08-18 11:56:17,261 - INFO - Average total reward over 100 test episodes: 37.4
2019-08-18 11:56:17,261 - INFO - Average scaled reward over 100 test episodes: 7.966666666666668
2019-08-18 11:56:17,261 - INFO - Testing for 100 episodes...
2019-08-18 11:56:17,885 - INFO - Testing of 100 finished with following result:
2019-08-18 11:56:17,885 - INFO - Average total reward over 100 test episodes: 24.9
2019-08-18 11:56:17,885 - INFO - Average scaled reward over 100 test episodes: 5.35
2019-08-18 11:56:17,886 - INFO - Testing for 100 episodes...
2019-08-18 11:56:18,488 - INFO - Testing of 100 finished with following result:
2019-08-18 11:56:18,488 - INFO - Average total reward over 100 test episodes: 40.3
2019-08-18 11:56:18,488 - INFO - Average scaled reward over 100 test episodes: 8.608333333333334
2019-08-18 11:56:18,488 - INFO - Testing for 100 episodes...
2019-08-18 11:56:19,179 - INFO - Testing of 100 finished with following result:
2019-08-18 11:56:19,179 - INFO - Average total reward over 100 test episodes: 32.0
2019-08-18 11:56:19,180 - INFO - Average scaled reward over 100 test episodes: 6.5
2019-08-18 11:56:19,180 - INFO - Testing for 100 episodes...
2019-08-18 11:56:19,834 - INFO - Testing of 100 finished with following result:
2019-08-18 11:56:19,835 - INFO - Average total reward over 100 test episodes: 41.3
2019-08-18 11:56:19,835 - INFO - Average scaled reward over 100 test episodes: 8.675
2019-08-18 11:56:19,835 - INFO - Testing for 100 episodes...
2019-08-18 11:56:20,446 - INFO - Testing of 100 finished with following result:
2019-08-18 11:56:20,446 - INFO - Average total reward over 100 test episodes: 35.3
2019-08-18 11:56:20,446 - INFO - Average scaled reward over 100 test episodes: 7.408333333333334
2019-08-18 11:56:20,447 - INFO - Average test total reward is 35.46 with 25000 training episodes
2019-08-18 11:56:20,447 - INFO - Average test scaled reward is 7.51 with 25000 training episodes
2019-08-18 11:56:20,447 - INFO - Best test total reward over 100 and 10 cycles is: 42.6
2019-08-18 11:56:20,447 - INFO - Best test scaled reward over 100 and 10 cycles is: 9.4
2019-08-18 11:56:20,447 - INFO - The experiment is not successful
