2019-08-18 12:58:38,207 - INFO - Setup of experiment eg_experiment_high_reward...
2019-08-18 12:58:38,207 - INFO - Environment setup...
2019-08-18 12:58:38,207 - INFO - Environment setup is successful!
2019-08-18 12:58:38,207 - INFO - Agent setup...
2019-08-18 12:58:38,208 - INFO - Setup of agent dddqn_egreedy_agent with scope eg_experiment_high_reward...
2019-08-18 12:58:38,209 - INFO - A Tensorboard summary for the agent will be updated during training of its internal model
2019-08-18 12:58:38,209 - INFO - Tensorboard summary path: ./experiments/tictactoe_dddql_selfplay_2019-08-18/eg_experiment_high_reward/summary
2019-08-18 12:58:38,209 - INFO - Generating exploration policy...
2019-08-18 12:58:38,209 - INFO - Generating model model with scope eg_experiment_high_reward/dddqn_egreedy_agent...
2019-08-18 12:58:38,209 - INFO - Model generation successful
2019-08-18 12:58:38,668 - INFO - Agent setup is successful!
2019-08-18 12:58:38,684 - INFO - Agent internal model will be saved after each train volley
2019-08-18 12:58:38,684 - INFO - Agent internal model metagraph save path: ./experiments/tictactoe_dddql_selfplay_2019-08-18/eg_experiment_high_reward/metagraph
2019-08-18 12:58:38,684 - INFO - Tensorflow configuration is successful!
2019-08-18 12:58:38,684 - INFO - Experiment setup is successful. Now can conduct the experiment
2019-08-18 12:58:38,684 - INFO - Conducting experiment eg_experiment_high_reward...
2019-08-18 12:58:38,886 - INFO - Model initialized to default state
2019-08-18 12:58:38,904 - INFO - Warming-up for 100000 episodes...
2019-08-18 13:08:51,071 - INFO - Training for 1000 episodes...
2019-08-18 13:10:08,826 - INFO - Training of 1000 finished with following result:
2019-08-18 13:10:08,826 - INFO - Average total reward over 1000 training episodes after 1000 total training episodes: 22.56
2019-08-18 13:10:08,826 - INFO - Average scaled reward over 1000 training episodes after 1000 total training episodes: 5.365833333333334
2019-08-18 13:10:08,826 - INFO - Total training steps up to now: 3366
2019-08-18 13:10:08,827 - INFO - Saving the agent...
2019-08-18 13:10:08,991 - INFO - Validating for 100 episodes...
2019-08-18 13:10:09,872 - INFO - Training of 100 finished with following result:
2019-08-18 13:10:09,872 - INFO - Average total reward over 100 validation episodes after 1000 total training episodes: 92.3
2019-08-18 13:10:09,873 - INFO - Average scaled reward over 100 validation episodes after 1000 total training episodes: 26.483333333333338
2019-08-18 13:10:09,873 - INFO - Validation of the agent is successful
2019-08-18 13:10:09,873 - INFO - Testing for 100 episodes...
2019-08-18 13:10:10,742 - INFO - Testing of 100 finished with following result:
2019-08-18 13:10:10,742 - INFO - Average total reward over 100 test episodes: 85.7
2019-08-18 13:10:10,742 - INFO - Average scaled reward over 100 test episodes: 24.400000000000006
2019-08-18 13:10:10,742 - INFO - Testing for 100 episodes...
2019-08-18 13:10:11,669 - INFO - Testing of 100 finished with following result:
2019-08-18 13:10:11,670 - INFO - Average total reward over 100 test episodes: 85.7
2019-08-18 13:10:11,670 - INFO - Average scaled reward over 100 test episodes: 24.15
2019-08-18 13:10:11,670 - INFO - Testing for 100 episodes...
2019-08-18 13:10:12,515 - INFO - Testing of 100 finished with following result:
2019-08-18 13:10:12,515 - INFO - Average total reward over 100 test episodes: 83.5
2019-08-18 13:10:12,515 - INFO - Average scaled reward over 100 test episodes: 23.91666666666667
2019-08-18 13:10:12,515 - INFO - Testing for 100 episodes...
2019-08-18 13:10:13,404 - INFO - Testing of 100 finished with following result:
2019-08-18 13:10:13,404 - INFO - Average total reward over 100 test episodes: 90.1
2019-08-18 13:10:13,404 - INFO - Average scaled reward over 100 test episodes: 25.249999999999996
2019-08-18 13:10:13,404 - INFO - Testing for 100 episodes...
2019-08-18 13:10:14,288 - INFO - Testing of 100 finished with following result:
2019-08-18 13:10:14,288 - INFO - Average total reward over 100 test episodes: 84.6
2019-08-18 13:10:14,289 - INFO - Average scaled reward over 100 test episodes: 24.18333333333334
2019-08-18 13:10:14,289 - INFO - Testing for 100 episodes...
2019-08-18 13:10:15,133 - INFO - Testing of 100 finished with following result:
2019-08-18 13:10:15,133 - INFO - Average total reward over 100 test episodes: 93.4
2019-08-18 13:10:15,133 - INFO - Average scaled reward over 100 test episodes: 27.31666666666667
2019-08-18 13:10:15,133 - INFO - Testing for 100 episodes...
2019-08-18 13:10:15,971 - INFO - Testing of 100 finished with following result:
2019-08-18 13:10:15,971 - INFO - Average total reward over 100 test episodes: 80.2
2019-08-18 13:10:15,971 - INFO - Average scaled reward over 100 test episodes: 22.43333333333334
2019-08-18 13:10:15,971 - INFO - Testing for 100 episodes...
2019-08-18 13:10:16,832 - INFO - Testing of 100 finished with following result:
2019-08-18 13:10:16,832 - INFO - Average total reward over 100 test episodes: 87.9
2019-08-18 13:10:16,832 - INFO - Average scaled reward over 100 test episodes: 24.983333333333338
2019-08-18 13:10:16,832 - INFO - Testing for 100 episodes...
2019-08-18 13:10:17,747 - INFO - Testing of 100 finished with following result:
2019-08-18 13:10:17,747 - INFO - Average total reward over 100 test episodes: 90.1
2019-08-18 13:10:17,748 - INFO - Average scaled reward over 100 test episodes: 25.41666666666667
2019-08-18 13:10:17,748 - INFO - Testing for 100 episodes...
2019-08-18 13:10:18,622 - INFO - Testing of 100 finished with following result:
2019-08-18 13:10:18,622 - INFO - Average total reward over 100 test episodes: 86.8
2019-08-18 13:10:18,622 - INFO - Average scaled reward over 100 test episodes: 24.333333333333336
2019-08-18 13:10:18,622 - INFO - Average test total reward is 86.8 with 1000 training episodes
2019-08-18 13:10:18,622 - INFO - Average test scaled reward is 24.638333333333335 with 1000 training episodes
2019-08-18 13:10:18,623 - INFO - Best test total reward over 100 and 10 cycles is: 93.4
2019-08-18 13:10:18,623 - INFO - Best test scaled reward over 100 and 10 cycles is: 27.31666666666667
2019-08-18 13:10:18,623 - INFO - The experiment is successful
