2019-08-18 13:10:18,642 - INFO - Setup of experiment b_experiment_high_reward...
2019-08-18 13:10:18,642 - INFO - Environment setup...
2019-08-18 13:10:18,642 - INFO - Environment setup is successful!
2019-08-18 13:10:18,642 - INFO - Agent setup...
2019-08-18 13:10:18,642 - INFO - Setup of agent dddqn_boltzmann_agent with scope b_experiment_high_reward...
2019-08-18 13:10:18,643 - INFO - A Tensorboard summary for the agent will be updated during training of its internal model
2019-08-18 13:10:18,644 - INFO - Tensorboard summary path: ./experiments/tictactoe_dddql_selfplay_2019-08-18/b_experiment_high_reward/summary
2019-08-18 13:10:18,644 - INFO - Generating exploration policy...
2019-08-18 13:10:18,644 - INFO - Generating model model with scope b_experiment_high_reward/dddqn_boltzmann_agent...
2019-08-18 13:10:18,644 - INFO - Model generation successful
2019-08-18 13:10:19,039 - INFO - Agent setup is successful!
2019-08-18 13:10:19,054 - INFO - Agent internal model will be saved after each train volley
2019-08-18 13:10:19,054 - INFO - Agent internal model metagraph save path: ./experiments/tictactoe_dddql_selfplay_2019-08-18/b_experiment_high_reward/metagraph
2019-08-18 13:10:19,054 - INFO - Tensorflow configuration is successful!
2019-08-18 13:10:19,054 - INFO - Experiment setup is successful. Now can conduct the experiment
2019-08-18 13:10:19,054 - INFO - Conducting experiment b_experiment_high_reward...
2019-08-18 13:10:19,232 - INFO - Model initialized to default state
2019-08-18 13:10:19,250 - INFO - Warming-up for 100000 episodes...
2019-08-18 13:20:40,577 - INFO - Training for 1000 episodes...
2019-08-18 13:21:59,391 - INFO - Training of 1000 finished with following result:
2019-08-18 13:21:59,392 - INFO - Average total reward over 1000 training episodes after 1000 total training episodes: 20.9
2019-08-18 13:21:59,392 - INFO - Average scaled reward over 1000 training episodes after 1000 total training episodes: 5.053333333333334
2019-08-18 13:21:59,392 - INFO - Total training steps up to now: 3372
2019-08-18 13:21:59,392 - INFO - Saving the agent...
2019-08-18 13:21:59,552 - INFO - Validating for 100 episodes...
2019-08-18 13:22:00,501 - INFO - Training of 100 finished with following result:
2019-08-18 13:22:00,502 - INFO - Average total reward over 100 validation episodes after 1000 total training episodes: 34.0
2019-08-18 13:22:00,502 - INFO - Average scaled reward over 100 validation episodes after 1000 total training episodes: 10.691666666666668
2019-08-18 13:22:00,502 - INFO - Validation of the agent is successful
2019-08-18 13:22:00,502 - INFO - Testing for 100 episodes...
2019-08-18 13:22:01,463 - INFO - Testing of 100 finished with following result:
2019-08-18 13:22:01,463 - INFO - Average total reward over 100 test episodes: 28.5
2019-08-18 13:22:01,463 - INFO - Average scaled reward over 100 test episodes: 8.325000000000001
2019-08-18 13:22:01,463 - INFO - Testing for 100 episodes...
2019-08-18 13:22:02,458 - INFO - Testing of 100 finished with following result:
2019-08-18 13:22:02,459 - INFO - Average total reward over 100 test episodes: 26.3
2019-08-18 13:22:02,459 - INFO - Average scaled reward over 100 test episodes: 7.875
2019-08-18 13:22:02,459 - INFO - Testing for 100 episodes...
2019-08-18 13:22:03,432 - INFO - Testing of 100 finished with following result:
2019-08-18 13:22:03,433 - INFO - Average total reward over 100 test episodes: 31.8
2019-08-18 13:22:03,433 - INFO - Average scaled reward over 100 test episodes: 9.466666666666667
2019-08-18 13:22:03,433 - INFO - Testing for 100 episodes...
2019-08-18 13:22:04,441 - INFO - Testing of 100 finished with following result:
2019-08-18 13:22:04,441 - INFO - Average total reward over 100 test episodes: 30.7
2019-08-18 13:22:04,441 - INFO - Average scaled reward over 100 test episodes: 8.841666666666667
2019-08-18 13:22:04,442 - INFO - Testing for 100 episodes...
2019-08-18 13:22:05,446 - INFO - Testing of 100 finished with following result:
2019-08-18 13:22:05,446 - INFO - Average total reward over 100 test episodes: 28.5
2019-08-18 13:22:05,447 - INFO - Average scaled reward over 100 test episodes: 8.55
2019-08-18 13:22:05,447 - INFO - Testing for 100 episodes...
2019-08-18 13:22:06,445 - INFO - Testing of 100 finished with following result:
2019-08-18 13:22:06,445 - INFO - Average total reward over 100 test episodes: 25.2
2019-08-18 13:22:06,445 - INFO - Average scaled reward over 100 test episodes: 7.375000000000001
2019-08-18 13:22:06,445 - INFO - Testing for 100 episodes...
2019-08-18 13:22:07,384 - INFO - Testing of 100 finished with following result:
2019-08-18 13:22:07,385 - INFO - Average total reward over 100 test episodes: 27.4
2019-08-18 13:22:07,385 - INFO - Average scaled reward over 100 test episodes: 8.358333333333334
2019-08-18 13:22:07,385 - INFO - Testing for 100 episodes...
2019-08-18 13:22:08,371 - INFO - Testing of 100 finished with following result:
2019-08-18 13:22:08,371 - INFO - Average total reward over 100 test episodes: 27.4
2019-08-18 13:22:08,371 - INFO - Average scaled reward over 100 test episodes: 8.183333333333332
2019-08-18 13:22:08,371 - INFO - Testing for 100 episodes...
2019-08-18 13:22:09,313 - INFO - Testing of 100 finished with following result:
2019-08-18 13:22:09,314 - INFO - Average total reward over 100 test episodes: 27.4
2019-08-18 13:22:09,314 - INFO - Average scaled reward over 100 test episodes: 7.866666666666667
2019-08-18 13:22:09,314 - INFO - Testing for 100 episodes...
2019-08-18 13:22:10,308 - INFO - Testing of 100 finished with following result:
2019-08-18 13:22:10,308 - INFO - Average total reward over 100 test episodes: 27.4
2019-08-18 13:22:10,308 - INFO - Average scaled reward over 100 test episodes: 7.716666666666668
2019-08-18 13:22:10,309 - INFO - Average test total reward is 28.060000000000002 with 1000 training episodes
2019-08-18 13:22:10,309 - INFO - Average test scaled reward is 8.255833333333333 with 1000 training episodes
2019-08-18 13:22:10,309 - INFO - Best test total reward over 100 and 10 cycles is: 31.8
2019-08-18 13:22:10,309 - INFO - Best test scaled reward over 100 and 10 cycles is: 9.466666666666667
2019-08-18 13:22:10,309 - INFO - The experiment is successful
